[0.130s] DEBUG:colcon:Command line arguments: ['/usr/bin/colcon', 'build']
[0.130s] DEBUG:colcon:Parsed command line arguments: Namespace(log_base=None, log_level=None, verb_name='build', build_base='build', install_base='install', merge_install=False, symlink_install=False, test_result_base=None, continue_on_error=False, executor='parallel', parallel_workers=4, event_handlers=None, ignore_user_meta=False, metas=['./colcon.meta'], base_paths=['.'], packages_ignore=None, packages_ignore_regex=None, paths=None, packages_up_to=None, packages_up_to_regex=None, packages_above=None, packages_above_and_dependencies=None, packages_above_depth=None, packages_select_by_dep=None, packages_skip_by_dep=None, packages_skip_up_to=None, packages_select_build_failed=False, packages_skip_build_finished=False, packages_select_test_failures=False, packages_skip_test_passed=False, packages_select=None, packages_skip=None, packages_select_regex=None, packages_skip_regex=None, packages_start=None, packages_end=None, allow_overriding=[], cmake_args=None, cmake_target=None, cmake_target_skip_unavailable=False, cmake_clean_cache=False, cmake_clean_first=False, cmake_force_configure=False, ament_cmake_args=None, catkin_cmake_args=None, catkin_skip_building_tests=False, mixin_files=None, mixin=None, verb_parser=<colcon_mixin.mixin.mixin_argument.MixinArgumentDecorator object at 0x7b806e8b5180>, verb_extension=<colcon_core.verb.build.BuildVerb object at 0x7b806e8b4bb0>, main=<bound method BuildVerb.main of <colcon_core.verb.build.BuildVerb object at 0x7b806e8b4bb0>>, mixin_verb=('build',))
[0.290s] Level 1:colcon.colcon_core.package_discovery:discover_packages(colcon_meta) check parameters
[0.290s] Level 1:colcon.colcon_core.package_discovery:discover_packages(recursive) check parameters
[0.290s] Level 1:colcon.colcon_core.package_discovery:discover_packages(ignore) check parameters
[0.290s] Level 1:colcon.colcon_core.package_discovery:discover_packages(path) check parameters
[0.290s] Level 1:colcon.colcon_core.package_discovery:discover_packages(colcon_meta) discover
[0.290s] Level 1:colcon.colcon_core.package_discovery:discover_packages(recursive) discover
[0.290s] INFO:colcon.colcon_core.package_discovery:Crawling recursively for packages in '/home/viator/ws/walleva_ws/multitb_ws'
[0.290s] Level 1:colcon.colcon_core.package_identification:_identify(.) by extensions ['ignore', 'ignore_ament_install']
[0.290s] Level 1:colcon.colcon_core.package_identification:_identify(.) by extension 'ignore'
[0.290s] Level 1:colcon.colcon_core.package_identification:_identify(.) by extension 'ignore_ament_install'
[0.290s] Level 1:colcon.colcon_core.package_identification:_identify(.) by extensions ['colcon_pkg']
[0.290s] Level 1:colcon.colcon_core.package_identification:_identify(.) by extension 'colcon_pkg'
[0.290s] Level 1:colcon.colcon_core.package_identification:_identify(.) by extensions ['colcon_meta']
[0.290s] Level 1:colcon.colcon_core.package_identification:_identify(.) by extension 'colcon_meta'
[0.290s] Level 1:colcon.colcon_core.package_identification:_identify(.) by extensions ['ros']
[0.290s] Level 1:colcon.colcon_core.package_identification:_identify(.) by extension 'ros'
[0.300s] Level 1:colcon.colcon_core.package_identification:_identify(.) by extensions ['cmake', 'python']
[0.300s] Level 1:colcon.colcon_core.package_identification:_identify(.) by extension 'cmake'
[0.300s] Level 1:colcon.colcon_core.package_identification:_identify(.) by extension 'python'
[0.300s] Level 1:colcon.colcon_core.package_identification:_identify(.) by extensions ['python_setup_py']
[0.300s] Level 1:colcon.colcon_core.package_identification:_identify(.) by extension 'python_setup_py'
[0.300s] Level 1:colcon.colcon_core.package_identification:_identify(build) by extensions ['ignore', 'ignore_ament_install']
[0.300s] Level 1:colcon.colcon_core.package_identification:_identify(build) by extension 'ignore'
[0.300s] Level 1:colcon.colcon_core.package_identification:_identify(build) ignored
[0.300s] Level 1:colcon.colcon_core.package_identification:_identify(install) by extensions ['ignore', 'ignore_ament_install']
[0.300s] Level 1:colcon.colcon_core.package_identification:_identify(install) by extension 'ignore'
[0.300s] Level 1:colcon.colcon_core.package_identification:_identify(install) ignored
[0.300s] Level 1:colcon.colcon_core.package_identification:_identify(log) by extensions ['ignore', 'ignore_ament_install']
[0.301s] Level 1:colcon.colcon_core.package_identification:_identify(log) by extension 'ignore'
[0.301s] Level 1:colcon.colcon_core.package_identification:_identify(log) ignored
[0.301s] Level 1:colcon.colcon_core.package_identification:_identify(src) by extensions ['ignore', 'ignore_ament_install']
[0.301s] Level 1:colcon.colcon_core.package_identification:_identify(src) by extension 'ignore'
[0.301s] Level 1:colcon.colcon_core.package_identification:_identify(src) by extension 'ignore_ament_install'
[0.301s] Level 1:colcon.colcon_core.package_identification:_identify(src) by extensions ['colcon_pkg']
[0.301s] Level 1:colcon.colcon_core.package_identification:_identify(src) by extension 'colcon_pkg'
[0.301s] Level 1:colcon.colcon_core.package_identification:_identify(src) by extensions ['colcon_meta']
[0.301s] Level 1:colcon.colcon_core.package_identification:_identify(src) by extension 'colcon_meta'
[0.301s] Level 1:colcon.colcon_core.package_identification:_identify(src) by extensions ['ros']
[0.301s] Level 1:colcon.colcon_core.package_identification:_identify(src) by extension 'ros'
[0.301s] Level 1:colcon.colcon_core.package_identification:_identify(src) by extensions ['cmake', 'python']
[0.301s] Level 1:colcon.colcon_core.package_identification:_identify(src) by extension 'cmake'
[0.301s] Level 1:colcon.colcon_core.package_identification:_identify(src) by extension 'python'
[0.301s] Level 1:colcon.colcon_core.package_identification:_identify(src) by extensions ['python_setup_py']
[0.301s] Level 1:colcon.colcon_core.package_identification:_identify(src) by extension 'python_setup_py'
[0.301s] Level 1:colcon.colcon_core.package_identification:_identify(src/turtlebot3_walleva) by extensions ['ignore', 'ignore_ament_install']
[0.301s] Level 1:colcon.colcon_core.package_identification:_identify(src/turtlebot3_walleva) by extension 'ignore'
[0.301s] Level 1:colcon.colcon_core.package_identification:_identify(src/turtlebot3_walleva) by extension 'ignore_ament_install'
[0.301s] Level 1:colcon.colcon_core.package_identification:_identify(src/turtlebot3_walleva) by extensions ['colcon_pkg']
[0.301s] Level 1:colcon.colcon_core.package_identification:_identify(src/turtlebot3_walleva) by extension 'colcon_pkg'
[0.301s] Level 1:colcon.colcon_core.package_identification:_identify(src/turtlebot3_walleva) by extensions ['colcon_meta']
[0.301s] Level 1:colcon.colcon_core.package_identification:_identify(src/turtlebot3_walleva) by extension 'colcon_meta'
[0.301s] Level 1:colcon.colcon_core.package_identification:_identify(src/turtlebot3_walleva) by extensions ['ros']
[0.301s] Level 1:colcon.colcon_core.package_identification:_identify(src/turtlebot3_walleva) by extension 'ros'
[0.304s] DEBUG:colcon.colcon_core.package_identification:Package 'src/turtlebot3_walleva' with type 'ros.ament_cmake' and name 'turtlebot3_walleva'
[0.304s] Level 1:colcon.colcon_core.package_discovery:discover_packages(recursive) using defaults
[0.304s] Level 1:colcon.colcon_core.package_discovery:discover_packages(ignore) discover
[0.304s] Level 1:colcon.colcon_core.package_discovery:discover_packages(ignore) using defaults
[0.304s] Level 1:colcon.colcon_core.package_discovery:discover_packages(path) discover
[0.304s] Level 1:colcon.colcon_core.package_discovery:discover_packages(path) using defaults
[0.321s] Level 1:colcon.colcon_core.package_discovery:discover_packages(prefix_path) check parameters
[0.321s] Level 1:colcon.colcon_core.package_discovery:discover_packages(prefix_path) discover
[0.323s] DEBUG:colcon.colcon_installed_package_information.package_discovery:Found 23 installed packages in /home/viator/turtlebot3_ws/install
[0.324s] DEBUG:colcon.colcon_installed_package_information.package_discovery:Found 25 installed packages in /home/viator/ws/ros_ws/install
[0.325s] DEBUG:colcon.colcon_installed_package_information.package_discovery:Found 10 installed packages in /home/viator/ws/ros2_ws/install
[0.325s] DEBUG:colcon.colcon_installed_package_information.package_discovery:Found 2 installed packages in /home/viator/ws/b3p1_ws/install
[0.326s] DEBUG:colcon.colcon_installed_package_information.package_discovery:Found 206 installed packages in /opt/ros/humble
[0.327s] Level 1:colcon.colcon_core.package_discovery:discover_packages(prefix_path) using defaults
[0.349s] Level 5:colcon.colcon_core.verb:set package 'turtlebot3_walleva' build argument 'cmake_args' from command line to 'None'
[0.349s] Level 5:colcon.colcon_core.verb:set package 'turtlebot3_walleva' build argument 'cmake_target' from command line to 'None'
[0.349s] Level 5:colcon.colcon_core.verb:set package 'turtlebot3_walleva' build argument 'cmake_target_skip_unavailable' from command line to 'False'
[0.349s] Level 5:colcon.colcon_core.verb:set package 'turtlebot3_walleva' build argument 'cmake_clean_cache' from command line to 'False'
[0.349s] Level 5:colcon.colcon_core.verb:set package 'turtlebot3_walleva' build argument 'cmake_clean_first' from command line to 'False'
[0.349s] Level 5:colcon.colcon_core.verb:set package 'turtlebot3_walleva' build argument 'cmake_force_configure' from command line to 'False'
[0.349s] Level 5:colcon.colcon_core.verb:set package 'turtlebot3_walleva' build argument 'ament_cmake_args' from command line to 'None'
[0.349s] Level 5:colcon.colcon_core.verb:set package 'turtlebot3_walleva' build argument 'catkin_cmake_args' from command line to 'None'
[0.349s] Level 5:colcon.colcon_core.verb:set package 'turtlebot3_walleva' build argument 'catkin_skip_building_tests' from command line to 'False'
[0.349s] DEBUG:colcon.colcon_core.verb:Building package 'turtlebot3_walleva' with the following arguments: {'ament_cmake_args': None, 'build_base': '/home/viator/ws/walleva_ws/multitb_ws/build/turtlebot3_walleva', 'catkin_cmake_args': None, 'catkin_skip_building_tests': False, 'cmake_args': None, 'cmake_clean_cache': False, 'cmake_clean_first': False, 'cmake_force_configure': False, 'cmake_target': None, 'cmake_target_skip_unavailable': False, 'install_base': '/home/viator/ws/walleva_ws/multitb_ws/install/turtlebot3_walleva', 'merge_install': False, 'path': '/home/viator/ws/walleva_ws/multitb_ws/src/turtlebot3_walleva', 'symlink_install': False, 'test_result_base': None}
[0.349s] INFO:colcon.colcon_core.executor:Executing jobs using 'parallel' executor
[0.350s] DEBUG:colcon.colcon_parallel_executor.executor.parallel:run_until_complete
[0.351s] INFO:colcon.colcon_ros.task.ament_cmake.build:Building ROS package in '/home/viator/ws/walleva_ws/multitb_ws/src/turtlebot3_walleva' with build type 'ament_cmake'
[0.351s] INFO:colcon.colcon_cmake.task.cmake.build:Building CMake package in '/home/viator/ws/walleva_ws/multitb_ws/src/turtlebot3_walleva'
[0.352s] INFO:colcon.colcon_core.plugin_system:Skipping extension 'colcon_core.shell.bat': Not used on non-Windows systems
[0.353s] INFO:colcon.colcon_core.shell:Skip shell extension 'powershell' for command environment: Not usable outside of PowerShell
[0.353s] DEBUG:colcon.colcon_core.shell:Skip shell extension 'dsv' for command environment
[0.362s] DEBUG:colcon.colcon_core.event_handler.log_command:Invoking command in '/home/viator/ws/walleva_ws/multitb_ws/build/turtlebot3_walleva': CMAKE_PREFIX_PATH=${CMAKE_PREFIX_PATH}:/home/viator/turtlebot3_ws/install/turtlebot3_teleop:/home/viator/turtlebot3_ws/install/turtlebot3_example:/home/viator/ws/ros_ws/install/visualservoing:/home/viator/ws/ros_ws/install/urdf_tutorial:/home/viator/ws/ros_ws/install/rokey:/home/viator/ws/ros_ws/install/example:/home/viator/ws/ros_ws/install/dsr_tests:/home/viator/ws/ros_ws/install/dsr_bringup2:/home/viator/ws/ros2_ws/install/ros_study_py:/home/viator/ws/ros2_ws/install/ex_calculator:/home/viator/ws/ros2_ws/install/py_pubsub:/home/viator/ws/ros2_ws/install/point_cloud:/home/viator/ws/ros2_ws/install/hough_transform:/home/viator/ws/b3p1_ws/install/pizza_serving_bot:/opt/ros/humble /usr/bin/cmake /home/viator/ws/walleva_ws/multitb_ws/src/turtlebot3_walleva -DCMAKE_INSTALL_PREFIX=/home/viator/ws/walleva_ws/multitb_ws/install/turtlebot3_walleva
[1.210s] DEBUG:colcon.colcon_core.event_handler.log_command:Invoked command in '/home/viator/ws/walleva_ws/multitb_ws/build/turtlebot3_walleva' returned '0': CMAKE_PREFIX_PATH=${CMAKE_PREFIX_PATH}:/home/viator/turtlebot3_ws/install/turtlebot3_teleop:/home/viator/turtlebot3_ws/install/turtlebot3_example:/home/viator/ws/ros_ws/install/visualservoing:/home/viator/ws/ros_ws/install/urdf_tutorial:/home/viator/ws/ros_ws/install/rokey:/home/viator/ws/ros_ws/install/example:/home/viator/ws/ros_ws/install/dsr_tests:/home/viator/ws/ros_ws/install/dsr_bringup2:/home/viator/ws/ros2_ws/install/ros_study_py:/home/viator/ws/ros2_ws/install/ex_calculator:/home/viator/ws/ros2_ws/install/py_pubsub:/home/viator/ws/ros2_ws/install/point_cloud:/home/viator/ws/ros2_ws/install/hough_transform:/home/viator/ws/b3p1_ws/install/pizza_serving_bot:/opt/ros/humble /usr/bin/cmake /home/viator/ws/walleva_ws/multitb_ws/src/turtlebot3_walleva -DCMAKE_INSTALL_PREFIX=/home/viator/ws/walleva_ws/multitb_ws/install/turtlebot3_walleva
[1.214s] DEBUG:colcon.colcon_core.event_handler.log_command:Invoking command in '/home/viator/ws/walleva_ws/multitb_ws/build/turtlebot3_walleva': CMAKE_PREFIX_PATH=${CMAKE_PREFIX_PATH}:/home/viator/turtlebot3_ws/install/turtlebot3_teleop:/home/viator/turtlebot3_ws/install/turtlebot3_example:/home/viator/ws/ros_ws/install/visualservoing:/home/viator/ws/ros_ws/install/urdf_tutorial:/home/viator/ws/ros_ws/install/rokey:/home/viator/ws/ros_ws/install/example:/home/viator/ws/ros_ws/install/dsr_tests:/home/viator/ws/ros_ws/install/dsr_bringup2:/home/viator/ws/ros2_ws/install/ros_study_py:/home/viator/ws/ros2_ws/install/ex_calculator:/home/viator/ws/ros2_ws/install/py_pubsub:/home/viator/ws/ros2_ws/install/point_cloud:/home/viator/ws/ros2_ws/install/hough_transform:/home/viator/ws/b3p1_ws/install/pizza_serving_bot:/opt/ros/humble /usr/bin/cmake --build /home/viator/ws/walleva_ws/multitb_ws/build/turtlebot3_walleva -- -j4 -l4
[1.261s] DEBUG:colcon.colcon_core.event_handler.log_command:Invoked command in '/home/viator/ws/walleva_ws/multitb_ws/build/turtlebot3_walleva' returned '0': CMAKE_PREFIX_PATH=${CMAKE_PREFIX_PATH}:/home/viator/turtlebot3_ws/install/turtlebot3_teleop:/home/viator/turtlebot3_ws/install/turtlebot3_example:/home/viator/ws/ros_ws/install/visualservoing:/home/viator/ws/ros_ws/install/urdf_tutorial:/home/viator/ws/ros_ws/install/rokey:/home/viator/ws/ros_ws/install/example:/home/viator/ws/ros_ws/install/dsr_tests:/home/viator/ws/ros_ws/install/dsr_bringup2:/home/viator/ws/ros2_ws/install/ros_study_py:/home/viator/ws/ros2_ws/install/ex_calculator:/home/viator/ws/ros2_ws/install/py_pubsub:/home/viator/ws/ros2_ws/install/point_cloud:/home/viator/ws/ros2_ws/install/hough_transform:/home/viator/ws/b3p1_ws/install/pizza_serving_bot:/opt/ros/humble /usr/bin/cmake --build /home/viator/ws/walleva_ws/multitb_ws/build/turtlebot3_walleva -- -j4 -l4
[1.277s] DEBUG:colcon.colcon_core.event_handler.log_command:Invoking command in '/home/viator/ws/walleva_ws/multitb_ws/build/turtlebot3_walleva': CMAKE_PREFIX_PATH=${CMAKE_PREFIX_PATH}:/home/viator/turtlebot3_ws/install/turtlebot3_teleop:/home/viator/turtlebot3_ws/install/turtlebot3_example:/home/viator/ws/ros_ws/install/visualservoing:/home/viator/ws/ros_ws/install/urdf_tutorial:/home/viator/ws/ros_ws/install/rokey:/home/viator/ws/ros_ws/install/example:/home/viator/ws/ros_ws/install/dsr_tests:/home/viator/ws/ros_ws/install/dsr_bringup2:/home/viator/ws/ros2_ws/install/ros_study_py:/home/viator/ws/ros2_ws/install/ex_calculator:/home/viator/ws/ros2_ws/install/py_pubsub:/home/viator/ws/ros2_ws/install/point_cloud:/home/viator/ws/ros2_ws/install/hough_transform:/home/viator/ws/b3p1_ws/install/pizza_serving_bot:/opt/ros/humble /usr/bin/cmake --install /home/viator/ws/walleva_ws/multitb_ws/build/turtlebot3_walleva
[1.296s] Level 1:colcon.colcon_core.environment:create_environment_scripts_only(turtlebot3_walleva)
[1.296s] DEBUG:colcon.colcon_core.event_handler.log_command:Invoked command in '/home/viator/ws/walleva_ws/multitb_ws/build/turtlebot3_walleva' returned '0': CMAKE_PREFIX_PATH=${CMAKE_PREFIX_PATH}:/home/viator/turtlebot3_ws/install/turtlebot3_teleop:/home/viator/turtlebot3_ws/install/turtlebot3_example:/home/viator/ws/ros_ws/install/visualservoing:/home/viator/ws/ros_ws/install/urdf_tutorial:/home/viator/ws/ros_ws/install/rokey:/home/viator/ws/ros_ws/install/example:/home/viator/ws/ros_ws/install/dsr_tests:/home/viator/ws/ros_ws/install/dsr_bringup2:/home/viator/ws/ros2_ws/install/ros_study_py:/home/viator/ws/ros2_ws/install/ex_calculator:/home/viator/ws/ros2_ws/install/py_pubsub:/home/viator/ws/ros2_ws/install/point_cloud:/home/viator/ws/ros2_ws/install/hough_transform:/home/viator/ws/b3p1_ws/install/pizza_serving_bot:/opt/ros/humble /usr/bin/cmake --install /home/viator/ws/walleva_ws/multitb_ws/build/turtlebot3_walleva
[1.298s] Level 1:colcon.colcon_core.environment:checking '/home/viator/ws/walleva_ws/multitb_ws/install/turtlebot3_walleva' for CMake module files
[1.299s] Level 1:colcon.colcon_core.environment:checking '/home/viator/ws/walleva_ws/multitb_ws/install/turtlebot3_walleva' for CMake config files
[1.299s] Level 1:colcon.colcon_core.shell:create_environment_hook('turtlebot3_walleva', 'cmake_prefix_path')
[1.299s] INFO:colcon.colcon_core.shell:Creating environment hook '/home/viator/ws/walleva_ws/multitb_ws/install/turtlebot3_walleva/share/turtlebot3_walleva/hook/cmake_prefix_path.ps1'
[1.300s] INFO:colcon.colcon_core.shell:Creating environment descriptor '/home/viator/ws/walleva_ws/multitb_ws/install/turtlebot3_walleva/share/turtlebot3_walleva/hook/cmake_prefix_path.dsv'
[1.300s] INFO:colcon.colcon_core.shell:Creating environment hook '/home/viator/ws/walleva_ws/multitb_ws/install/turtlebot3_walleva/share/turtlebot3_walleva/hook/cmake_prefix_path.sh'
[1.301s] Level 1:colcon.colcon_core.environment:checking '/home/viator/ws/walleva_ws/multitb_ws/install/turtlebot3_walleva/bin'
[1.301s] Level 1:colcon.colcon_core.environment:checking '/home/viator/ws/walleva_ws/multitb_ws/install/turtlebot3_walleva/lib/pkgconfig/turtlebot3_walleva.pc'
[1.301s] Level 1:colcon.colcon_core.environment:checking '/home/viator/ws/walleva_ws/multitb_ws/install/turtlebot3_walleva/lib/python3.10/site-packages'
[1.301s] Level 1:colcon.colcon_core.environment:checking '/home/viator/ws/walleva_ws/multitb_ws/install/turtlebot3_walleva/bin'
[1.302s] INFO:colcon.colcon_core.shell:Creating package script '/home/viator/ws/walleva_ws/multitb_ws/install/turtlebot3_walleva/share/turtlebot3_walleva/package.ps1'
[1.302s] INFO:colcon.colcon_core.shell:Creating package descriptor '/home/viator/ws/walleva_ws/multitb_ws/install/turtlebot3_walleva/share/turtlebot3_walleva/package.dsv'
[1.303s] INFO:colcon.colcon_core.shell:Creating package script '/home/viator/ws/walleva_ws/multitb_ws/install/turtlebot3_walleva/share/turtlebot3_walleva/package.sh'
[1.303s] INFO:colcon.colcon_core.shell:Creating package script '/home/viator/ws/walleva_ws/multitb_ws/install/turtlebot3_walleva/share/turtlebot3_walleva/package.bash'
[1.304s] INFO:colcon.colcon_core.shell:Creating package script '/home/viator/ws/walleva_ws/multitb_ws/install/turtlebot3_walleva/share/turtlebot3_walleva/package.zsh'
[1.304s] Level 1:colcon.colcon_core.environment:create_file_with_runtime_dependencies(/home/viator/ws/walleva_ws/multitb_ws/install/turtlebot3_walleva/share/colcon-core/packages/turtlebot3_walleva)
[1.305s] Level 1:colcon.colcon_core.environment:create_environment_scripts_only(turtlebot3_walleva)
[1.305s] Level 1:colcon.colcon_core.environment:checking '/home/viator/ws/walleva_ws/multitb_ws/install/turtlebot3_walleva' for CMake module files
[1.305s] Level 1:colcon.colcon_core.environment:checking '/home/viator/ws/walleva_ws/multitb_ws/install/turtlebot3_walleva' for CMake config files
[1.306s] Level 1:colcon.colcon_core.shell:create_environment_hook('turtlebot3_walleva', 'cmake_prefix_path')
[1.306s] INFO:colcon.colcon_core.shell:Creating environment hook '/home/viator/ws/walleva_ws/multitb_ws/install/turtlebot3_walleva/share/turtlebot3_walleva/hook/cmake_prefix_path.ps1'
[1.306s] INFO:colcon.colcon_core.shell:Creating environment descriptor '/home/viator/ws/walleva_ws/multitb_ws/install/turtlebot3_walleva/share/turtlebot3_walleva/hook/cmake_prefix_path.dsv'
[1.307s] INFO:colcon.colcon_core.shell:Creating environment hook '/home/viator/ws/walleva_ws/multitb_ws/install/turtlebot3_walleva/share/turtlebot3_walleva/hook/cmake_prefix_path.sh'
[1.307s] Level 1:colcon.colcon_core.environment:checking '/home/viator/ws/walleva_ws/multitb_ws/install/turtlebot3_walleva/bin'
[1.307s] Level 1:colcon.colcon_core.environment:checking '/home/viator/ws/walleva_ws/multitb_ws/install/turtlebot3_walleva/lib/pkgconfig/turtlebot3_walleva.pc'
[1.307s] Level 1:colcon.colcon_core.environment:checking '/home/viator/ws/walleva_ws/multitb_ws/install/turtlebot3_walleva/lib/python3.10/site-packages'
[1.307s] Level 1:colcon.colcon_core.environment:checking '/home/viator/ws/walleva_ws/multitb_ws/install/turtlebot3_walleva/bin'
[1.308s] INFO:colcon.colcon_core.shell:Creating package script '/home/viator/ws/walleva_ws/multitb_ws/install/turtlebot3_walleva/share/turtlebot3_walleva/package.ps1'
[1.308s] INFO:colcon.colcon_core.shell:Creating package descriptor '/home/viator/ws/walleva_ws/multitb_ws/install/turtlebot3_walleva/share/turtlebot3_walleva/package.dsv'
[1.308s] INFO:colcon.colcon_core.shell:Creating package script '/home/viator/ws/walleva_ws/multitb_ws/install/turtlebot3_walleva/share/turtlebot3_walleva/package.sh'
[1.309s] INFO:colcon.colcon_core.shell:Creating package script '/home/viator/ws/walleva_ws/multitb_ws/install/turtlebot3_walleva/share/turtlebot3_walleva/package.bash'
[1.309s] INFO:colcon.colcon_core.shell:Creating package script '/home/viator/ws/walleva_ws/multitb_ws/install/turtlebot3_walleva/share/turtlebot3_walleva/package.zsh'
[1.309s] Level 1:colcon.colcon_core.environment:create_file_with_runtime_dependencies(/home/viator/ws/walleva_ws/multitb_ws/install/turtlebot3_walleva/share/colcon-core/packages/turtlebot3_walleva)
[1.309s] DEBUG:colcon.colcon_parallel_executor.executor.parallel:closing loop
[1.310s] DEBUG:colcon.colcon_parallel_executor.executor.parallel:loop closed
[1.310s] DEBUG:colcon.colcon_parallel_executor.executor.parallel:run_until_complete finished with '0'
[1.310s] DEBUG:colcon.colcon_core.event_reactor:joining thread
[1.315s] INFO:colcon.colcon_core.plugin_system:Skipping extension 'colcon_notification.desktop_notification.terminal_notifier': Not used on non-Darwin systems
[1.316s] INFO:colcon.colcon_core.plugin_system:Skipping extension 'colcon_notification.desktop_notification.win32': Not used on non-Windows systems
[1.316s] INFO:colcon.colcon_notification.desktop_notification:Sending desktop notification using 'notify2'
[1.326s] DEBUG:colcon.colcon_core.event_reactor:joined thread
[1.327s] INFO:colcon.colcon_core.shell:Creating prefix script '/home/viator/ws/walleva_ws/multitb_ws/install/local_setup.ps1'
[1.328s] INFO:colcon.colcon_core.shell:Creating prefix util module '/home/viator/ws/walleva_ws/multitb_ws/install/_local_setup_util_ps1.py'
[1.329s] INFO:colcon.colcon_core.shell:Creating prefix chain script '/home/viator/ws/walleva_ws/multitb_ws/install/setup.ps1'
[1.332s] INFO:colcon.colcon_core.shell:Creating prefix script '/home/viator/ws/walleva_ws/multitb_ws/install/local_setup.sh'
[1.333s] INFO:colcon.colcon_core.shell:Creating prefix util module '/home/viator/ws/walleva_ws/multitb_ws/install/_local_setup_util_sh.py'
[1.333s] INFO:colcon.colcon_core.shell:Creating prefix chain script '/home/viator/ws/walleva_ws/multitb_ws/install/setup.sh'
[1.336s] INFO:colcon.colcon_core.shell:Creating prefix script '/home/viator/ws/walleva_ws/multitb_ws/install/local_setup.bash'
[1.336s] INFO:colcon.colcon_core.shell:Creating prefix chain script '/home/viator/ws/walleva_ws/multitb_ws/install/setup.bash'
[1.338s] INFO:colcon.colcon_core.shell:Creating prefix script '/home/viator/ws/walleva_ws/multitb_ws/install/local_setup.zsh'
[1.339s] INFO:colcon.colcon_core.shell:Creating prefix chain script '/home/viator/ws/walleva_ws/multitb_ws/install/setup.zsh'
