[0.912s] Invoking command in '/home/viator/ws/walleva_ws/amr_ws/src/move_to_goal': PYTHONPATH=/home/viator/ws/walleva_ws/amr_ws/build/move_to_goal/prefix_override:/usr/lib/python3/dist-packages/colcon_core/task/python/colcon_distutils_commands:/home/viator/ws/walleva_ws/amr_ws/install/move_to_goal/lib/python3.10/site-packages:${PYTHONPATH} /usr/bin/python3 -W ignore:setup.py install is deprecated -W ignore:easy_install command is deprecated setup.py egg_info --egg-base ../../build/move_to_goal build --build-base /home/viator/ws/walleva_ws/amr_ws/build/move_to_goal/build install --record /home/viator/ws/walleva_ws/amr_ws/build/move_to_goal/install.log --single-version-externally-managed install_data
[1.186s] running egg_info
[1.187s] creating ../../build/move_to_goal/move_to_goal.egg-info
[1.187s] writing ../../build/move_to_goal/move_to_goal.egg-info/PKG-INFO
[1.188s] writing dependency_links to ../../build/move_to_goal/move_to_goal.egg-info/dependency_links.txt
[1.188s] writing entry points to ../../build/move_to_goal/move_to_goal.egg-info/entry_points.txt
[1.188s] writing requirements to ../../build/move_to_goal/move_to_goal.egg-info/requires.txt
[1.188s] writing top-level names to ../../build/move_to_goal/move_to_goal.egg-info/top_level.txt
[1.188s] writing manifest file '../../build/move_to_goal/move_to_goal.egg-info/SOURCES.txt'
[1.190s] reading manifest file '../../build/move_to_goal/move_to_goal.egg-info/SOURCES.txt'
[1.191s] writing manifest file '../../build/move_to_goal/move_to_goal.egg-info/SOURCES.txt'
[1.191s] running build
[1.191s] running build_py
[1.191s] creating /home/viator/ws/walleva_ws/amr_ws/build/move_to_goal/build
[1.191s] creating /home/viator/ws/walleva_ws/amr_ws/build/move_to_goal/build/lib
[1.191s] creating /home/viator/ws/walleva_ws/amr_ws/build/move_to_goal/build/lib/move_to_goal
[1.191s] copying move_to_goal/open_manipulator_with_gripper.py -> /home/viator/ws/walleva_ws/amr_ws/build/move_to_goal/build/lib/move_to_goal
[1.195s] copying move_to_goal/__init__.py -> /home/viator/ws/walleva_ws/amr_ws/build/move_to_goal/build/lib/move_to_goal
[1.195s] copying move_to_goal/move_to_goal.py -> /home/viator/ws/walleva_ws/amr_ws/build/move_to_goal/build/lib/move_to_goal
[1.195s] copying move_to_goal/amr_tracking_yolov8.py -> /home/viator/ws/walleva_ws/amr_ws/build/move_to_goal/build/lib/move_to_goal
[1.196s] running install
[1.196s] running install_lib
[1.197s] creating /home/viator/ws/walleva_ws/amr_ws/install/move_to_goal/lib/python3.10/site-packages/move_to_goal
[1.197s] copying /home/viator/ws/walleva_ws/amr_ws/build/move_to_goal/build/lib/move_to_goal/open_manipulator_with_gripper.py -> /home/viator/ws/walleva_ws/amr_ws/install/move_to_goal/lib/python3.10/site-packages/move_to_goal
[1.197s] copying /home/viator/ws/walleva_ws/amr_ws/build/move_to_goal/build/lib/move_to_goal/__init__.py -> /home/viator/ws/walleva_ws/amr_ws/install/move_to_goal/lib/python3.10/site-packages/move_to_goal
[1.197s] copying /home/viator/ws/walleva_ws/amr_ws/build/move_to_goal/build/lib/move_to_goal/move_to_goal.py -> /home/viator/ws/walleva_ws/amr_ws/install/move_to_goal/lib/python3.10/site-packages/move_to_goal
[1.197s] copying /home/viator/ws/walleva_ws/amr_ws/build/move_to_goal/build/lib/move_to_goal/amr_tracking_yolov8.py -> /home/viator/ws/walleva_ws/amr_ws/install/move_to_goal/lib/python3.10/site-packages/move_to_goal
[1.198s] byte-compiling /home/viator/ws/walleva_ws/amr_ws/install/move_to_goal/lib/python3.10/site-packages/move_to_goal/open_manipulator_with_gripper.py to open_manipulator_with_gripper.cpython-310.pyc
[1.199s] byte-compiling /home/viator/ws/walleva_ws/amr_ws/install/move_to_goal/lib/python3.10/site-packages/move_to_goal/__init__.py to __init__.cpython-310.pyc
[1.199s] byte-compiling /home/viator/ws/walleva_ws/amr_ws/install/move_to_goal/lib/python3.10/site-packages/move_to_goal/move_to_goal.py to move_to_goal.cpython-310.pyc
[1.200s] byte-compiling /home/viator/ws/walleva_ws/amr_ws/install/move_to_goal/lib/python3.10/site-packages/move_to_goal/amr_tracking_yolov8.py to amr_tracking_yolov8.cpython-310.pyc
[1.202s] running install_data
[1.202s] creating /home/viator/ws/walleva_ws/amr_ws/install/move_to_goal/share/ament_index
[1.202s] creating /home/viator/ws/walleva_ws/amr_ws/install/move_to_goal/share/ament_index/resource_index
[1.202s] creating /home/viator/ws/walleva_ws/amr_ws/install/move_to_goal/share/ament_index/resource_index/packages
[1.202s] copying resource/move_to_goal -> /home/viator/ws/walleva_ws/amr_ws/install/move_to_goal/share/ament_index/resource_index/packages
[1.202s] copying package.xml -> /home/viator/ws/walleva_ws/amr_ws/install/move_to_goal/share/move_to_goal
[1.202s] running install_egg_info
[1.204s] Copying ../../build/move_to_goal/move_to_goal.egg-info to /home/viator/ws/walleva_ws/amr_ws/install/move_to_goal/lib/python3.10/site-packages/move_to_goal-0.0.0-py3.10.egg-info
[1.204s] running install_scripts
[1.225s] Installing move_to_goal script to /home/viator/ws/walleva_ws/amr_ws/install/move_to_goal/lib/move_to_goal
[1.225s] Installing move_to_goal_3 script to /home/viator/ws/walleva_ws/amr_ws/install/move_to_goal/lib/move_to_goal
[1.226s] writing list of installed files to '/home/viator/ws/walleva_ws/amr_ws/build/move_to_goal/install.log'
[1.253s] Invoked command in '/home/viator/ws/walleva_ws/amr_ws/src/move_to_goal' returned '0': PYTHONPATH=/home/viator/ws/walleva_ws/amr_ws/build/move_to_goal/prefix_override:/usr/lib/python3/dist-packages/colcon_core/task/python/colcon_distutils_commands:/home/viator/ws/walleva_ws/amr_ws/install/move_to_goal/lib/python3.10/site-packages:${PYTHONPATH} /usr/bin/python3 -W ignore:setup.py install is deprecated -W ignore:easy_install command is deprecated setup.py egg_info --egg-base ../../build/move_to_goal build --build-base /home/viator/ws/walleva_ws/amr_ws/build/move_to_goal/build install --record /home/viator/ws/walleva_ws/amr_ws/build/move_to_goal/install.log --single-version-externally-managed install_data
