running egg_info
creating ../../build/dual_bot/dual_bot.egg-info
writing ../../build/dual_bot/dual_bot.egg-info/PKG-INFO
writing dependency_links to ../../build/dual_bot/dual_bot.egg-info/dependency_links.txt
writing entry points to ../../build/dual_bot/dual_bot.egg-info/entry_points.txt
writing requirements to ../../build/dual_bot/dual_bot.egg-info/requires.txt
writing top-level names to ../../build/dual_bot/dual_bot.egg-info/top_level.txt
writing manifest file '../../build/dual_bot/dual_bot.egg-info/SOURCES.txt'
reading manifest file '../../build/dual_bot/dual_bot.egg-info/SOURCES.txt'
writing manifest file '../../build/dual_bot/dual_bot.egg-info/SOURCES.txt'
running build
running build_py
creating /home/viator/ws/walleva_ws/b3_ws/build/dual_bot/build
creating /home/viator/ws/walleva_ws/b3_ws/build/dual_bot/build/lib
creating /home/viator/ws/walleva_ws/b3_ws/build/dual_bot/build/lib/dual_bot
copying dual_bot/gui_server.py -> /home/viator/ws/walleva_ws/b3_ws/build/dual_bot/build/lib/dual_bot
copying dual_bot/__init__.py -> /home/viator/ws/walleva_ws/b3_ws/build/dual_bot/build/lib/dual_bot
running install
running install_lib
creating /home/viator/ws/walleva_ws/b3_ws/install/dual_bot/lib/python3.10/site-packages/dual_bot
copying /home/viator/ws/walleva_ws/b3_ws/build/dual_bot/build/lib/dual_bot/gui_server.py -> /home/viator/ws/walleva_ws/b3_ws/install/dual_bot/lib/python3.10/site-packages/dual_bot
copying /home/viator/ws/walleva_ws/b3_ws/build/dual_bot/build/lib/dual_bot/__init__.py -> /home/viator/ws/walleva_ws/b3_ws/install/dual_bot/lib/python3.10/site-packages/dual_bot
byte-compiling /home/viator/ws/walleva_ws/b3_ws/install/dual_bot/lib/python3.10/site-packages/dual_bot/gui_server.py to gui_server.cpython-310.pyc
byte-compiling /home/viator/ws/walleva_ws/b3_ws/install/dual_bot/lib/python3.10/site-packages/dual_bot/__init__.py to __init__.cpython-310.pyc
running install_data
creating /home/viator/ws/walleva_ws/b3_ws/install/dual_bot/share/ament_index
creating /home/viator/ws/walleva_ws/b3_ws/install/dual_bot/share/ament_index/resource_index
creating /home/viator/ws/walleva_ws/b3_ws/install/dual_bot/share/ament_index/resource_index/packages
copying resource/dual_bot -> /home/viator/ws/walleva_ws/b3_ws/install/dual_bot/share/ament_index/resource_index/packages
copying package.xml -> /home/viator/ws/walleva_ws/b3_ws/install/dual_bot/share/dual_bot
running install_egg_info
Copying ../../build/dual_bot/dual_bot.egg-info to /home/viator/ws/walleva_ws/b3_ws/install/dual_bot/lib/python3.10/site-packages/dual_bot-0.0.0-py3.10.egg-info
running install_scripts
Installing gui_server script to /home/viator/ws/walleva_ws/b3_ws/install/dual_bot/lib/dual_bot
Installing gui_server_3 script to /home/viator/ws/walleva_ws/b3_ws/install/dual_bot/lib/dual_bot
writing list of installed files to '/home/viator/ws/walleva_ws/b3_ws/build/dual_bot/install.log'
