[0.798s] Invoking command in '/home/viator/ws/walleva_ws/b3_ws/src/dual_bot': PYTHONPATH=/home/viator/ws/walleva_ws/b3_ws/build/dual_bot/prefix_override:/usr/lib/python3/dist-packages/colcon_core/task/python/colcon_distutils_commands:/home/viator/ws/walleva_ws/b3_ws/install/dual_bot/lib/python3.10/site-packages:${PYTHONPATH} /usr/bin/python3 -W ignore:setup.py install is deprecated -W ignore:easy_install command is deprecated setup.py egg_info --egg-base ../../build/dual_bot build --build-base /home/viator/ws/walleva_ws/b3_ws/build/dual_bot/build install --record /home/viator/ws/walleva_ws/b3_ws/build/dual_bot/install.log --single-version-externally-managed install_data
[1.171s] running egg_info
[1.171s] creating ../../build/dual_bot/dual_bot.egg-info
[1.171s] writing ../../build/dual_bot/dual_bot.egg-info/PKG-INFO
[1.172s] writing dependency_links to ../../build/dual_bot/dual_bot.egg-info/dependency_links.txt
[1.172s] writing entry points to ../../build/dual_bot/dual_bot.egg-info/entry_points.txt
[1.172s] writing requirements to ../../build/dual_bot/dual_bot.egg-info/requires.txt
[1.172s] writing top-level names to ../../build/dual_bot/dual_bot.egg-info/top_level.txt
[1.172s] writing manifest file '../../build/dual_bot/dual_bot.egg-info/SOURCES.txt'
[1.176s] reading manifest file '../../build/dual_bot/dual_bot.egg-info/SOURCES.txt'
[1.177s] writing manifest file '../../build/dual_bot/dual_bot.egg-info/SOURCES.txt'
[1.177s] running build
[1.177s] running build_py
[1.178s] creating /home/viator/ws/walleva_ws/b3_ws/build/dual_bot/build
[1.178s] creating /home/viator/ws/walleva_ws/b3_ws/build/dual_bot/build/lib
[1.178s] creating /home/viator/ws/walleva_ws/b3_ws/build/dual_bot/build/lib/dual_bot
[1.178s] copying dual_bot/gui_server.py -> /home/viator/ws/walleva_ws/b3_ws/build/dual_bot/build/lib/dual_bot
[1.179s] copying dual_bot/__init__.py -> /home/viator/ws/walleva_ws/b3_ws/build/dual_bot/build/lib/dual_bot
[1.179s] running install
[1.181s] running install_lib
[1.182s] creating /home/viator/ws/walleva_ws/b3_ws/install/dual_bot/lib/python3.10/site-packages/dual_bot
[1.182s] copying /home/viator/ws/walleva_ws/b3_ws/build/dual_bot/build/lib/dual_bot/gui_server.py -> /home/viator/ws/walleva_ws/b3_ws/install/dual_bot/lib/python3.10/site-packages/dual_bot
[1.182s] copying /home/viator/ws/walleva_ws/b3_ws/build/dual_bot/build/lib/dual_bot/__init__.py -> /home/viator/ws/walleva_ws/b3_ws/install/dual_bot/lib/python3.10/site-packages/dual_bot
[1.183s] byte-compiling /home/viator/ws/walleva_ws/b3_ws/install/dual_bot/lib/python3.10/site-packages/dual_bot/gui_server.py to gui_server.cpython-310.pyc
[1.188s] byte-compiling /home/viator/ws/walleva_ws/b3_ws/install/dual_bot/lib/python3.10/site-packages/dual_bot/__init__.py to __init__.cpython-310.pyc
[1.188s] running install_data
[1.188s] creating /home/viator/ws/walleva_ws/b3_ws/install/dual_bot/share/ament_index
[1.188s] creating /home/viator/ws/walleva_ws/b3_ws/install/dual_bot/share/ament_index/resource_index
[1.188s] creating /home/viator/ws/walleva_ws/b3_ws/install/dual_bot/share/ament_index/resource_index/packages
[1.188s] copying resource/dual_bot -> /home/viator/ws/walleva_ws/b3_ws/install/dual_bot/share/ament_index/resource_index/packages
[1.188s] copying package.xml -> /home/viator/ws/walleva_ws/b3_ws/install/dual_bot/share/dual_bot
[1.188s] running install_egg_info
[1.192s] Copying ../../build/dual_bot/dual_bot.egg-info to /home/viator/ws/walleva_ws/b3_ws/install/dual_bot/lib/python3.10/site-packages/dual_bot-0.0.0-py3.10.egg-info
[1.193s] running install_scripts
[1.255s] Installing gui_server script to /home/viator/ws/walleva_ws/b3_ws/install/dual_bot/lib/dual_bot
[1.255s] Installing gui_server_3 script to /home/viator/ws/walleva_ws/b3_ws/install/dual_bot/lib/dual_bot
[1.255s] writing list of installed files to '/home/viator/ws/walleva_ws/b3_ws/build/dual_bot/install.log'
[1.306s] Invoked command in '/home/viator/ws/walleva_ws/b3_ws/src/dual_bot' returned '0': PYTHONPATH=/home/viator/ws/walleva_ws/b3_ws/build/dual_bot/prefix_override:/usr/lib/python3/dist-packages/colcon_core/task/python/colcon_distutils_commands:/home/viator/ws/walleva_ws/b3_ws/install/dual_bot/lib/python3.10/site-packages:${PYTHONPATH} /usr/bin/python3 -W ignore:setup.py install is deprecated -W ignore:easy_install command is deprecated setup.py egg_info --egg-base ../../build/dual_bot build --build-base /home/viator/ws/walleva_ws/b3_ws/build/dual_bot/build install --record /home/viator/ws/walleva_ws/b3_ws/build/dual_bot/install.log --single-version-externally-managed install_data
